© Oxford University Press 1 / 11
The Oxford 3000™ (American English)
The Oxford 3000 is the list of the 3000 most important words to learn in English, from A1 to B2 level.
academic adj.B1
anywhere adv., pron.
© Oxford University Press 2 / 11
The Oxford 3000™ (American English)
before prep. A1, conj., adv.A2
can
1
can
2
climb v. A1, n.B1
close
1
close
2
adj. A2, adv.B1
color
complex adj. B1, n.B2
© Oxford University Press 3 / 11
The Oxford 3000™ (American English)
content
1
daily
documentary
double adj., det., pron., v. A2, adv.
© Oxford University Press 4 / 11
The Oxford 3000™ (American English)
farm n. A1, v.A2
fat adj. A1, n.A2
fish n. A1, v.A2
fix v.
© Oxford University Press 5 / 11
The Oxford 3000™ (American English)
hand
impossible adj.
© Oxford University Press 6 / 11
The Oxford 3000™ (American English)
last
1
last
1
layer
lead
1
lie
1
lie
2
light (from the sun/a lamp) n.,
like (find sb/sth pleasant) v. A1,
live
1
live
2
long
1
match (contest/correspond) n.,
© Oxford University Press 7 / 11
The Oxford 3000™ (American English)
minute
1
November n.
original adj. A2, n.B1
outside adv. A1, prep., noun.,
path n.
© Oxford University Press 8 / 11
The Oxford 3000™ (American English)
plus
1
private
raise v. A2, n.B1
rate n. A2, v.B2
refuse
1
© Oxford University Press 9 / 11
The Oxford 3000™ (American English)
ring
1
ring
2
v. A2, n.B1
row
1
second
1
(next after the first) det./
second
1
smart
© Oxford University Press 10 / 11
The Oxford 3000™ (American English)
tear
1
tear
2
too
© Oxford University Press 11 / 11
The Oxford 3000™ (American English)
used
1
used
2
wind
1
wind
2